Arguments: 
  C:\Program Files\nodejs\node.exe C:\Program Files (x86)\Yarn\bin\yarn.js add antd

PATH: 
  C:\ProgramData\Oracle\Java\javapath;C:\Windows\system32;C:\Windows;C:\Windows\System32\Wbem;C:\Windows\System32\WindowsPowerShell\v1.0\;C:\Program Files (x86)\NVIDIA Corporation\PhysX\Common;C:\Program Files\nodejs\;C:\Program Files (x86)\Yarn\bin;C:\Program Files\Git\cmd;C:\Program Files\TortoiseSVN\bin;C:\Users\Admin\AppData\Local\Programs\Python\Python36-32\Scripts\;C:\Users\Admin\AppData\Local\Programs\Python\Python36-32\;C:\Users\Admin\AppData\Roaming\npm;C:\Users\Admin\AppData\Local\Yarn\.bin;C:\Users\Admin\AppData\Local\atom\bin;C:\Users\Admin\AppData\Local\GitHubDesktop\bin;C:\Program Files (x86)\Microsoft VS Code\bin

Yarn version: 
  0.21.3

Node version: 
  6.10.0

Platform: 
  win32 x64

npm manifest: 
  {
    "private": true,
    "scripts": {
      "start": "roadhog server",
      "build": "roadhog build",
      "lint": "eslint --ext .js src test",
      "precommit": "npm run lint"
    },
    "engines": {
      "install-node": "6.11.1"
    },
    "dependencies": {
      "babel-runtime": "^6.9.2",
      "dva": "^2.1.0",
      "react": "^15.4.0",
      "react-dom": "^15.4.0"
    },
    "devDependencies": {
      "babel-eslint": "^7.1.1",
      "babel-plugin-dva-hmr": "^0.3.2",
      "babel-plugin-transform-runtime": "^6.9.0",
      "eslint": "^3.12.2",
      "eslint-config-airbnb": "^13.0.0",
      "eslint-plugin-import": "^2.2.0",
      "eslint-plugin-jsx-a11y": "^2.2.3",
      "eslint-plugin-react": "^6.8.0",
      "expect": "^1.20.2",
      "husky": "^0.12.0",
      "redbox-react": "^1.4.3",
      "roadhog": "^1.2.1"
    }
  }

yarn manifest: 
  No manifest

Lockfile: 
  No lockfile

Trace: 
  Error: connect ETIMEDOUT 104.16.63.173:443
      at Object.exports._errnoException (util.js:1022:11)
      at exports._exceptionWithHostPort (util.js:1045:20)
      at TCPConnectWrap.afterConnect [as oncomplete] (net.js:1087:14)
